New log file opened at Wed Oct 21 02:48:31 EDT 2015 by 14260@AdnanLenovo
Taking next connection to: 63606
New client attempting to connect on port: 63607-63606
  Address = /192.168.56.1:63606
This client on port 63607 has uuid 7acdddad-0423-46f3-94f2-c8928515b97b configName activator humanReadableName Activator protocolVersion 3 featureTags Vector()
Connected Clients: activator-7acdddad-0423-46f3-94f2-c8928515b97b
Taking next connection to: 63606
New client attempting to connect on port: 63608-63606
  Address = /192.168.56.1:63606
Handshake exception on socket: 63608
sbt.impl.ipc.HandshakeException: Unable to perform handshake
	at sbt.impl.ipc.Peer.handshake(IPC.scala:46)
	at sbt.impl.ipc.MultiClientServer.<init>(IPC.scala:150)
	at sbt.server.SbtServerSocketHandler$$anon$1.run(SbtServerSocketHandler.scala:43)
Caused by: java.net.SocketException: Software caused connection abort: recv failed
	at java.net.SocketInputStream.socketRead0(Native Method)
	at java.net.SocketInputStream.socketRead(Unknown Source)
	at java.net.SocketInputStream.read(Unknown Source)
	at java.net.SocketInputStream.read(Unknown Source)
	at java.io.BufferedInputStream.fill(Unknown Source)
	at java.io.BufferedInputStream.read(Unknown Source)
	at java.io.DataInputStream.readInt(Unknown Source)
	at sbt.impl.ipc.Peer.receive(IPC.scala:95)
	at sbt.impl.ipc.Peer.handshake(IPC.scala:49)
	... 2 more
Taking next connection to: 63606
New client attempting to connect on port: 63609-63606
  Address = /192.168.56.1:63606
This client on port 63609 has uuid 2c319faa-db7e-4448-9cbf-df2e8c27bee4 configName activator humanReadableName Activator protocolVersion 3 featureTags Vector()
Connected Clients: activator-7acdddad-0423-46f3-94f2-c8928515b97b, activator-2c319faa-db7e-4448-9cbf-df2e8c27bee4
Taking next connection to: 63606
New client attempting to connect on port: 63635-63606
  Address = /192.168.56.1:63606
Handshake exception on socket: 63635
sbt.impl.ipc.HandshakeException: Unable to perform handshake
	at sbt.impl.ipc.Peer.handshake(IPC.scala:46)
	at sbt.impl.ipc.MultiClientServer.<init>(IPC.scala:150)
	at sbt.server.SbtServerSocketHandler$$anon$1.run(SbtServerSocketHandler.scala:43)
Caused by: java.net.SocketException: Software caused connection abort: recv failed
	at java.net.SocketInputStream.socketRead0(Native Method)
	at java.net.SocketInputStream.socketRead(Unknown Source)
	at java.net.SocketInputStream.read(Unknown Source)
	at java.net.SocketInputStream.read(Unknown Source)
	at java.io.BufferedInputStream.fill(Unknown Source)
	at java.io.BufferedInputStream.read(Unknown Source)
	at java.io.DataInputStream.readInt(Unknown Source)
	at sbt.impl.ipc.Peer.receive(IPC.scala:95)
	at sbt.impl.ipc.Peer.handshake(IPC.scala:49)
	... 2 more
Taking next connection to: 63606
New client attempting to connect on port: 63636-63606
  Address = /192.168.56.1:63606
This client on port 63636 has uuid c07fd366-4422-4159-9c6b-4de10502e92b configName play-fork-run humanReadableName Play Fork Run protocolVersion 1 featureTags Vector()
Connected Clients: activator-2c319faa-db7e-4448-9cbf-df2e8c27bee4, play-fork-run-c07fd366-4422-4159-9c6b-4de10502e92b
Taking next connection to: 63606
Checking to see if clients are empty...
No non-daemon clients connected after 3 min. Shutting down.
Server socket thread exiting.
0 clients open, will close them...
All client sockets have been closed.
Closing the 14260@AdnanLenovo logs at Wed Oct 21 02:53:27 EDT 2015, goodbye.
